<?xml version="1.0" encoding="UTF-8"?>
<robot generated="20191119 14:57:11.925" generator="Robot 3.0.4 (Python 2.7.15 on darwin)">
<suite source="/Users/thanawitchaisuphapsirikun/Projects/Automate_Testing/RobotFramework/robotframework_workshop/Login_Auto.robot" id="s1" name="Login Auto">
<test id="s1-t1" name="Valid Credentials">
<kw type="setup" name="Open Browser To Login Page" library="resource">
<kw name="Open Browser" library="SeleniumLibrary">
<doc>Opens a new browser instance to the given ``url``.</doc>
<arguments>
<arg>${SERVER}</arg>
<arg>${BROWSER}</arg>
</arguments>
<msg timestamp="20191119 14:57:12.062" level="INFO">Opening browser 'chrome' to base url 'https://www.facebook.com'.</msg>
<status status="PASS" endtime="20191119 14:57:22.663" starttime="20191119 14:57:12.061"></status>
</kw>
<kw name="Maximize Browser Window" library="SeleniumLibrary">
<doc>Maximizes current browser window.</doc>
<status status="PASS" endtime="20191119 14:57:22.835" starttime="20191119 14:57:22.663"></status>
</kw>
<kw name="Set Selenium Speed" library="SeleniumLibrary">
<doc>Sets the delay that is waited after each Selenium command.</doc>
<arguments>
<arg>${DELEY}</arg>
</arguments>
<status status="PASS" endtime="20191119 14:57:22.835" starttime="20191119 14:57:22.835"></status>
</kw>
<status status="PASS" endtime="20191119 14:57:22.835" starttime="20191119 14:57:12.061"></status>
</kw>
<kw name="Login with Valid Credentials Successful">
<arguments>
<arg>${VALID USERNAME}</arg>
<arg>${VALID PASSWORD}</arg>
</arguments>
<kw name="Input Username" library="resource">
<arguments>
<arg>${username}</arg>
</arguments>
<kw name="Input Text" library="SeleniumLibrary">
<doc>Types the given ``text`` into text field identified by ``locator``.</doc>
<arguments>
<arg>//input[@id='email']</arg>
<arg>${VALID USERNAME}</arg>
</arguments>
<msg timestamp="20191119 14:57:22.837" level="INFO">Typing text 'haleluyaa.aki@gmail.com' into text field '//input[@id='email']'.</msg>
<status status="PASS" endtime="20191119 14:57:23.487" starttime="20191119 14:57:22.836"></status>
</kw>
<status status="PASS" endtime="20191119 14:57:23.487" starttime="20191119 14:57:22.836"></status>
</kw>
<kw name="Input Password" library="resource">
<arguments>
<arg>${password}</arg>
</arguments>
<kw name="Input Text" library="SeleniumLibrary">
<doc>Types the given ``text`` into text field identified by ``locator``.</doc>
<arguments>
<arg>//input[@id='pass']</arg>
<arg>${VALID USERNAME}</arg>
</arguments>
<msg timestamp="20191119 14:57:23.488" level="INFO">Typing text 'haleluyaa.aki@gmail.com' into text field '//input[@id='pass']'.</msg>
<status status="PASS" endtime="20191119 14:57:23.611" starttime="20191119 14:57:23.488"></status>
</kw>
<status status="PASS" endtime="20191119 14:57:23.611" starttime="20191119 14:57:23.487"></status>
</kw>
<kw name="Submit Credentials" library="resource">
<kw name="Click Button" library="SeleniumLibrary">
<doc>Clicks button identified by ``locator``.</doc>
<arguments>
<arg>//input[contains(@type, 'submit')]</arg>
</arguments>
<msg timestamp="20191119 14:57:23.612" level="INFO">Clicking button '//input[contains(@type, 'submit')]'.</msg>
<status status="PASS" endtime="20191119 14:57:26.279" starttime="20191119 14:57:23.612"></status>
</kw>
<status status="PASS" endtime="20191119 14:57:26.279" starttime="20191119 14:57:23.611"></status>
</kw>
<kw name="Line Notification" library="resource">
<arguments>
<arg>${line_token}</arg>
<arg>${message}</arg>
</arguments>
<kw name="Set Line Token">
<arguments>
<arg>${line_token}</arg>
</arguments>
<msg timestamp="20191119 14:57:26.284" level="FAIL">No keyword with name 'Set Line Token' found.</msg>
<status status="FAIL" endtime="20191119 14:57:26.284" starttime="20191119 14:57:26.284"></status>
</kw>
<status status="FAIL" endtime="20191119 14:57:26.284" starttime="20191119 14:57:26.279"></status>
</kw>
<status status="FAIL" endtime="20191119 14:57:26.284" starttime="20191119 14:57:22.836"></status>
</kw>
<status status="FAIL" endtime="20191119 14:57:26.284" critical="yes" starttime="20191119 14:57:12.061">No keyword with name 'Set Line Token' found.</status>
</test>
<status status="FAIL" endtime="20191119 14:57:26.285" starttime="20191119 14:57:11.927"></status>
</suite>
<statistics>
<total>
<stat fail="1" pass="0">Critical Tests</stat>
<stat fail="1" pass="0">All Tests</stat>
</total>
<tag>
</tag>
<suite>
<stat fail="1" id="s1" name="Login Auto" pass="0">Login Auto</stat>
</suite>
</statistics>
<errors>
<msg timestamp="20191119 14:57:12.060" level="ERROR">Error in file '/Users/thanawitchaisuphapsirikun/Projects/Automate_Testing/RobotFramework/robotframework_workshop/resource.robot': Importing test library '/Users/thanawitchaisuphapsirikun/Projects/Automate_Testing/RobotFramework/robotframework_workshop/LineNoti.py' failed: ImportError: No module named parse
Traceback (most recent call last):
  File "/Users/thanawitchaisuphapsirikun/Projects/Automate_Testing/RobotFramework/robotframework_workshop/LineNoti.py", line 2, in &lt;module&gt;
    import urllib.parse
PYTHONPATH:
  /Library/Frameworks/Python.framework/Versions/2.7/bin
  /Library/Frameworks/Python.framework/Versions/2.7/lib/python27.zip
  /Library/Frameworks/Python.framework/Versions/2.7/lib/python2.7
  /Library/Frameworks/Python.framework/Versions/2.7/lib/python2.7/plat-darwin
  /Library/Frameworks/Python.framework/Versions/2.7/lib/python2.7/plat-mac
  /Library/Frameworks/Python.framework/Versions/2.7/lib/python2.7/plat-mac/lib-scriptpackages
  /Library/Frameworks/Python.framework/Versions/2.7/lib/python2.7/lib-tk
  /Library/Frameworks/Python.framework/Versions/2.7/lib/python2.7/lib-old
  /Library/Frameworks/Python.framework/Versions/2.7/lib/python2.7/lib-dynload
  /Library/Frameworks/Python.framework/Versions/2.7/lib/python2.7/site-packages</msg>
</errors>
</robot>
